2014-06-02 14:42:04,970 [Worker-2] INFO  o.e.m.c.i.l.LifecycleMappingFactory - Using org.maven.ide.eclipse.wtp.WarLifecycleMapping lifecycle mapping for MavenProject: kr.co:jhkiri:1.0.0-BUILD-SNAPSHOT @ /Volumes/500G/GitHome/Joao-Project/core-stat/test/pom.xml.
2014-06-02 14:42:04,970 [Worker-11] INFO  o.e.m.c.i.l.LifecycleMappingFactory - Using org.maven.ide.eclipse.wtp.WarLifecycleMapping lifecycle mapping for MavenProject: kr.co:jhkiri:1.0.0-BUILD-SNAPSHOT @ /Volumes/500G/GitHome/Joao-Project/core-stat/test/pom.xml.
2014-06-02 14:42:05,087 [Worker-11] INFO  c.n.h.c.p.n.NettyAsyncHttpProvider - Number of application's worked threads is 8
2014-06-02 14:42:05,087 [Worker-2] INFO  c.n.h.c.p.n.NettyAsyncHttpProvider - Number of application's worked threads is 8
2014-06-02 14:42:05,921 [New I/O client worker #1-1] INFO  o.e.m.c.i.e.AbstractTransferListenerAdapter - Downloading http://repo.maven.apache.org/maven2/org/springframework/spring-context/3.1.1.RELEASE/spring-context-3.1.1.RELEASE.pom
2014-06-02 14:42:05,921 [New I/O client worker #2-1] INFO  o.e.m.c.i.e.AbstractTransferListenerAdapter - Downloading http://repo.maven.apache.org/maven2/org/springframework/spring-context/3.1.1.RELEASE/spring-context-3.1.1.RELEASE.pom
2014-06-02 14:42:05,936 [New I/O client worker #2-1] INFO  o.e.m.c.i.e.AbstractTransferListenerAdapter - Downloaded http://repo.maven.apache.org/maven2/org/springframework/spring-context/3.1.1.RELEASE/spring-context-3.1.1.RELEASE.pom
2014-06-02 14:42:05,936 [New I/O client worker #1-1] INFO  o.e.m.c.i.e.AbstractTransferListenerAdapter - Downloaded http://repo.maven.apache.org/maven2/org/springframework/spring-context/3.1.1.RELEASE/spring-context-3.1.1.RELEASE.pom
2014-06-02 14:42:06,143 [Worker-11] INFO  c.n.h.c.p.n.NettyAsyncHttpProvider - Number of application's worked threads is 8
2014-06-02 14:42:06,147 [Worker-2] INFO  c.n.h.c.p.n.NettyAsyncHttpProvider - Number of application's worked threads is 8
2014-06-02 14:42:06,459 [New I/O client worker #3-1] INFO  o.e.m.c.i.e.AbstractTransferListenerAdapter - Downloading http://repo.maven.apache.org/maven2/org/springframework/spring-parent/3.1.1.RELEASE/spring-parent-3.1.1.RELEASE.pom
2014-06-02 14:42:06,462 [New I/O client worker #3-1] INFO  o.e.m.c.i.e.AbstractTransferListenerAdapter - Downloaded http://repo.maven.apache.org/maven2/org/springframework/spring-parent/3.1.1.RELEASE/spring-parent-3.1.1.RELEASE.pom
2014-06-02 14:42:06,475 [New I/O client worker #4-1] INFO  o.e.m.c.i.e.AbstractTransferListenerAdapter - Downloading http://repo.maven.apache.org/maven2/org/springframework/spring-parent/3.1.1.RELEASE/spring-parent-3.1.1.RELEASE.pom
2014-06-02 14:42:06,477 [New I/O client worker #4-1] INFO  o.e.m.c.i.e.AbstractTransferListenerAdapter - Downloaded http://repo.maven.apache.org/maven2/org/springframework/spring-parent/3.1.1.RELEASE/spring-parent-3.1.1.RELEASE.pom
2014-06-02 14:42:06,675 [Worker-11] INFO  c.n.h.c.p.n.NettyAsyncHttpProvider - Number of application's worked threads is 8
2014-06-02 14:42:06,682 [Worker-2] INFO  c.n.h.c.p.n.NettyAsyncHttpProvider - Number of application's worked threads is 8
2014-06-02 14:42:06,986 [New I/O client worker #6-1] INFO  o.e.m.c.i.e.AbstractTransferListenerAdapter - Downloading http://repo.maven.apache.org/maven2/org/springframework/spring-aop/3.1.1.RELEASE/spring-aop-3.1.1.RELEASE.pom
2014-06-02 14:42:06,987 [New I/O client worker #6-1] INFO  o.e.m.c.i.e.AbstractTransferListenerAdapter - Downloaded http://repo.maven.apache.org/maven2/org/springframework/spring-aop/3.1.1.RELEASE/spring-aop-3.1.1.RELEASE.pom
2014-06-02 14:42:06,995 [New I/O client worker #5-1] INFO  o.e.m.c.i.e.AbstractTransferListenerAdapter - Downloading http://repo.maven.apache.org/maven2/org/springframework/spring-aop/3.1.1.RELEASE/spring-aop-3.1.1.RELEASE.pom
2014-06-02 14:42:06,996 [New I/O client worker #5-1] INFO  o.e.m.c.i.e.AbstractTransferListenerAdapter - Downloaded http://repo.maven.apache.org/maven2/org/springframework/spring-aop/3.1.1.RELEASE/spring-aop-3.1.1.RELEASE.pom
2014-06-02 14:42:07,197 [Worker-2] INFO  c.n.h.c.p.n.NettyAsyncHttpProvider - Number of application's worked threads is 8
2014-06-02 14:42:07,204 [Worker-11] INFO  c.n.h.c.p.n.NettyAsyncHttpProvider - Number of application's worked threads is 8
2014-06-02 14:42:07,516 [New I/O client worker #7-1] INFO  o.e.m.c.i.e.AbstractTransferListenerAdapter - Downloading http://repo.maven.apache.org/maven2/org/springframework/spring-asm/3.1.1.RELEASE/spring-asm-3.1.1.RELEASE.pom
2014-06-02 14:42:07,517 [New I/O client worker #7-1] INFO  o.e.m.c.i.e.AbstractTransferListenerAdapter - Downloaded http://repo.maven.apache.org/maven2/org/springframework/spring-asm/3.1.1.RELEASE/spring-asm-3.1.1.RELEASE.pom
2014-06-02 14:42:07,526 [New I/O client worker #8-1] INFO  o.e.m.c.i.e.AbstractTransferListenerAdapter - Downloading http://repo.maven.apache.org/maven2/org/springframework/spring-asm/3.1.1.RELEASE/spring-asm-3.1.1.RELEASE.pom
2014-06-02 14:42:07,529 [New I/O client worker #8-1] INFO  o.e.m.c.i.e.AbstractTransferListenerAdapter - Downloaded http://repo.maven.apache.org/maven2/org/springframework/spring-asm/3.1.1.RELEASE/spring-asm-3.1.1.RELEASE.pom
2014-06-02 14:42:07,719 [Worker-11] INFO  c.n.h.c.p.n.NettyAsyncHttpProvider - Number of application's worked threads is 8
2014-06-02 14:42:07,727 [Worker-2] INFO  c.n.h.c.p.n.NettyAsyncHttpProvider - Number of application's worked threads is 8
2014-06-02 14:42:08,036 [New I/O client worker #10-1] INFO  o.e.m.c.i.e.AbstractTransferListenerAdapter - Downloading http://repo.maven.apache.org/maven2/org/springframework/spring-beans/3.1.1.RELEASE/spring-beans-3.1.1.RELEASE.pom
2014-06-02 14:42:08,038 [New I/O client worker #10-1] INFO  o.e.m.c.i.e.AbstractTransferListenerAdapter - Downloaded http://repo.maven.apache.org/maven2/org/springframework/spring-beans/3.1.1.RELEASE/spring-beans-3.1.1.RELEASE.pom
2014-06-02 14:42:08,039 [New I/O client worker #9-1] INFO  o.e.m.c.i.e.AbstractTransferListenerAdapter - Downloading http://repo.maven.apache.org/maven2/org/springframework/spring-beans/3.1.1.RELEASE/spring-beans-3.1.1.RELEASE.pom
2014-06-02 14:42:08,042 [New I/O client worker #9-1] INFO  o.e.m.c.i.e.AbstractTransferListenerAdapter - Downloaded http://repo.maven.apache.org/maven2/org/springframework/spring-beans/3.1.1.RELEASE/spring-beans-3.1.1.RELEASE.pom
2014-06-02 14:42:08,218 [Worker-2] INFO  c.n.h.c.p.n.NettyAsyncHttpProvider - Number of application's worked threads is 8
2014-06-02 14:42:08,227 [Worker-11] INFO  c.n.h.c.p.n.NettyAsyncHttpProvider - Number of application's worked threads is 8
2014-06-02 14:42:08,536 [New I/O client worker #12-1] INFO  o.e.m.c.i.e.AbstractTransferListenerAdapter - Downloading http://repo.maven.apache.org/maven2/org/springframework/spring-core/3.1.1.RELEASE/spring-core-3.1.1.RELEASE.pom
2014-06-02 14:42:08,537 [New I/O client worker #12-1] INFO  o.e.m.c.i.e.AbstractTransferListenerAdapter - Downloaded http://repo.maven.apache.org/maven2/org/springframework/spring-core/3.1.1.RELEASE/spring-core-3.1.1.RELEASE.pom
2014-06-02 14:42:08,558 [New I/O client worker #11-1] INFO  o.e.m.c.i.e.AbstractTransferListenerAdapter - Downloading http://repo.maven.apache.org/maven2/org/springframework/spring-core/3.1.1.RELEASE/spring-core-3.1.1.RELEASE.pom
2014-06-02 14:42:08,559 [New I/O client worker #11-1] INFO  o.e.m.c.i.e.AbstractTransferListenerAdapter - Downloaded http://repo.maven.apache.org/maven2/org/springframework/spring-core/3.1.1.RELEASE/spring-core-3.1.1.RELEASE.pom
2014-06-02 14:42:08,711 [Worker-11] INFO  c.n.h.c.p.n.NettyAsyncHttpProvider - Number of application's worked threads is 8
2014-06-02 14:42:08,752 [Worker-2] INFO  c.n.h.c.p.n.NettyAsyncHttpProvider - Number of application's worked threads is 8
2014-06-02 14:42:09,012 [New I/O client worker #13-1] INFO  o.e.m.c.i.e.AbstractTransferListenerAdapter - Downloading http://repo.maven.apache.org/maven2/org/springframework/spring-expression/3.1.1.RELEASE/spring-expression-3.1.1.RELEASE.pom
2014-06-02 14:42:09,014 [New I/O client worker #13-1] INFO  o.e.m.c.i.e.AbstractTransferListenerAdapter - Downloaded http://repo.maven.apache.org/maven2/org/springframework/spring-expression/3.1.1.RELEASE/spring-expression-3.1.1.RELEASE.pom
2014-06-02 14:42:09,051 [New I/O client worker #14-1] INFO  o.e.m.c.i.e.AbstractTransferListenerAdapter - Downloading http://repo.maven.apache.org/maven2/org/springframework/spring-expression/3.1.1.RELEASE/spring-expression-3.1.1.RELEASE.pom
2014-06-02 14:42:09,052 [New I/O client worker #14-1] INFO  o.e.m.c.i.e.AbstractTransferListenerAdapter - Downloaded http://repo.maven.apache.org/maven2/org/springframework/spring-expression/3.1.1.RELEASE/spring-expression-3.1.1.RELEASE.pom
2014-06-02 14:42:09,181 [Worker-11] INFO  c.n.h.c.p.n.NettyAsyncHttpProvider - Number of application's worked threads is 8
2014-06-02 14:42:09,214 [Worker-2] INFO  c.n.h.c.p.n.NettyAsyncHttpProvider - Number of application's worked threads is 8
2014-06-02 14:42:09,500 [New I/O client worker #15-1] INFO  o.e.m.c.i.e.AbstractTransferListenerAdapter - Downloading http://repo.maven.apache.org/maven2/org/springframework/spring-webmvc/3.1.1.RELEASE/spring-webmvc-3.1.1.RELEASE.pom
2014-06-02 14:42:09,503 [New I/O client worker #15-1] INFO  o.e.m.c.i.e.AbstractTransferListenerAdapter - Downloaded http://repo.maven.apache.org/maven2/org/springframework/spring-webmvc/3.1.1.RELEASE/spring-webmvc-3.1.1.RELEASE.pom
2014-06-02 14:42:09,539 [New I/O client worker #16-1] INFO  o.e.m.c.i.e.AbstractTransferListenerAdapter - Downloading http://repo.maven.apache.org/maven2/org/springframework/spring-webmvc/3.1.1.RELEASE/spring-webmvc-3.1.1.RELEASE.pom
2014-06-02 14:42:09,542 [New I/O client worker #16-1] INFO  o.e.m.c.i.e.AbstractTransferListenerAdapter - Downloaded http://repo.maven.apache.org/maven2/org/springframework/spring-webmvc/3.1.1.RELEASE/spring-webmvc-3.1.1.RELEASE.pom
2014-06-02 14:42:09,732 [Worker-11] INFO  c.n.h.c.p.n.NettyAsyncHttpProvider - Number of application's worked threads is 8
2014-06-02 14:42:09,752 [Worker-2] INFO  c.n.h.c.p.n.NettyAsyncHttpProvider - Number of application's worked threads is 8
2014-06-02 14:42:10,053 [New I/O client worker #17-1] INFO  o.e.m.c.i.e.AbstractTransferListenerAdapter - Downloading http://repo.maven.apache.org/maven2/org/springframework/spring-context-support/3.1.1.RELEASE/spring-context-support-3.1.1.RELEASE.pom
2014-06-02 14:42:10,055 [New I/O client worker #17-1] INFO  o.e.m.c.i.e.AbstractTransferListenerAdapter - Downloaded http://repo.maven.apache.org/maven2/org/springframework/spring-context-support/3.1.1.RELEASE/spring-context-support-3.1.1.RELEASE.pom
2014-06-02 14:42:10,057 [New I/O client worker #18-1] INFO  o.e.m.c.i.e.AbstractTransferListenerAdapter - Downloading http://repo.maven.apache.org/maven2/org/springframework/spring-context-support/3.1.1.RELEASE/spring-context-support-3.1.1.RELEASE.pom
2014-06-02 14:42:10,061 [New I/O client worker #18-1] INFO  o.e.m.c.i.e.AbstractTransferListenerAdapter - Downloaded http://repo.maven.apache.org/maven2/org/springframework/spring-context-support/3.1.1.RELEASE/spring-context-support-3.1.1.RELEASE.pom
2014-06-02 14:42:10,255 [Worker-11] INFO  c.n.h.c.p.n.NettyAsyncHttpProvider - Number of application's worked threads is 8
2014-06-02 14:42:10,255 [Worker-2] INFO  c.n.h.c.p.n.NettyAsyncHttpProvider - Number of application's worked threads is 8
2014-06-02 14:42:10,567 [New I/O client worker #19-1] INFO  o.e.m.c.i.e.AbstractTransferListenerAdapter - Downloading http://repo.maven.apache.org/maven2/org/springframework/spring-web/3.1.1.RELEASE/spring-web-3.1.1.RELEASE.pom
2014-06-02 14:42:10,569 [New I/O client worker #19-1] INFO  o.e.m.c.i.e.AbstractTransferListenerAdapter - Downloaded http://repo.maven.apache.org/maven2/org/springframework/spring-web/3.1.1.RELEASE/spring-web-3.1.1.RELEASE.pom
2014-06-02 14:42:10,571 [New I/O client worker #20-1] INFO  o.e.m.c.i.e.AbstractTransferListenerAdapter - Downloading http://repo.maven.apache.org/maven2/org/springframework/spring-web/3.1.1.RELEASE/spring-web-3.1.1.RELEASE.pom
2014-06-02 14:42:10,576 [New I/O client worker #20-1] INFO  o.e.m.c.i.e.AbstractTransferListenerAdapter - Downloaded http://repo.maven.apache.org/maven2/org/springframework/spring-web/3.1.1.RELEASE/spring-web-3.1.1.RELEASE.pom
2014-06-02 14:42:10,753 [Worker-2] INFO  c.n.h.c.p.n.NettyAsyncHttpProvider - Number of application's worked threads is 8
2014-06-02 14:42:10,753 [Worker-11] INFO  c.n.h.c.p.n.NettyAsyncHttpProvider - Number of application's worked threads is 8
2014-06-02 14:42:11,075 [New I/O client worker #21-1] INFO  o.e.m.c.i.e.AbstractTransferListenerAdapter - Downloading http://repo.maven.apache.org/maven2/org/aspectj/aspectjrt/1.6.10/aspectjrt-1.6.10.pom
2014-06-02 14:42:11,075 [New I/O client worker #21-1] INFO  o.e.m.c.i.e.AbstractTransferListenerAdapter - Downloaded http://repo.maven.apache.org/maven2/org/aspectj/aspectjrt/1.6.10/aspectjrt-1.6.10.pom
2014-06-02 14:42:11,084 [New I/O client worker #22-1] INFO  o.e.m.c.i.e.AbstractTransferListenerAdapter - Downloading http://repo.maven.apache.org/maven2/org/aspectj/aspectjrt/1.6.10/aspectjrt-1.6.10.pom
2014-06-02 14:42:11,085 [New I/O client worker #22-1] INFO  o.e.m.c.i.e.AbstractTransferListenerAdapter - Downloaded http://repo.maven.apache.org/maven2/org/aspectj/aspectjrt/1.6.10/aspectjrt-1.6.10.pom
2014-06-02 14:42:11,834 [Worker-2] INFO  c.n.h.c.p.n.NettyAsyncHttpProvider - Number of application's worked threads is 8
2014-06-02 14:42:11,834 [Worker-11] INFO  c.n.h.c.p.n.NettyAsyncHttpProvider - Number of application's worked threads is 8
2014-06-02 14:42:12,138 [New I/O client worker #24-1] INFO  o.e.m.c.i.e.AbstractTransferListenerAdapter - Downloading http://repo.maven.apache.org/maven2/org/slf4j/slf4j-api/1.6.6/slf4j-api-1.6.6.pom
2014-06-02 14:42:12,139 [New I/O client worker #24-1] INFO  o.e.m.c.i.e.AbstractTransferListenerAdapter - Downloaded http://repo.maven.apache.org/maven2/org/slf4j/slf4j-api/1.6.6/slf4j-api-1.6.6.pom
2014-06-02 14:42:12,143 [New I/O client worker #23-1] INFO  o.e.m.c.i.e.AbstractTransferListenerAdapter - Downloading http://repo.maven.apache.org/maven2/org/slf4j/slf4j-api/1.6.6/slf4j-api-1.6.6.pom
2014-06-02 14:42:12,144 [New I/O client worker #23-1] INFO  o.e.m.c.i.e.AbstractTransferListenerAdapter - Downloaded http://repo.maven.apache.org/maven2/org/slf4j/slf4j-api/1.6.6/slf4j-api-1.6.6.pom
2014-06-02 14:42:12,301 [Worker-11] INFO  c.n.h.c.p.n.NettyAsyncHttpProvider - Number of application's worked threads is 8
2014-06-02 14:42:12,304 [Worker-2] INFO  c.n.h.c.p.n.NettyAsyncHttpProvider - Number of application's worked threads is 8
2014-06-02 14:42:12,608 [New I/O client worker #26-1] INFO  o.e.m.c.i.e.AbstractTransferListenerAdapter - Downloading http://repo.maven.apache.org/maven2/org/slf4j/slf4j-parent/1.6.6/slf4j-parent-1.6.6.pom
2014-06-02 14:42:12,612 [New I/O client worker #26-1] INFO  o.e.m.c.i.e.AbstractTransferListenerAdapter - Downloaded http://repo.maven.apache.org/maven2/org/slf4j/slf4j-parent/1.6.6/slf4j-parent-1.6.6.pom
2014-06-02 14:42:12,614 [New I/O client worker #25-1] INFO  o.e.m.c.i.e.AbstractTransferListenerAdapter - Downloading http://repo.maven.apache.org/maven2/org/slf4j/slf4j-parent/1.6.6/slf4j-parent-1.6.6.pom
2014-06-02 14:42:12,618 [New I/O client worker #25-1] INFO  o.e.m.c.i.e.AbstractTransferListenerAdapter - Downloaded http://repo.maven.apache.org/maven2/org/slf4j/slf4j-parent/1.6.6/slf4j-parent-1.6.6.pom
2014-06-02 14:42:12,798 [Worker-11] INFO  c.n.h.c.p.n.NettyAsyncHttpProvider - Number of application's worked threads is 8
2014-06-02 14:42:12,798 [Worker-2] INFO  c.n.h.c.p.n.NettyAsyncHttpProvider - Number of application's worked threads is 8
2014-06-02 14:42:13,111 [New I/O client worker #28-1] INFO  o.e.m.c.i.e.AbstractTransferListenerAdapter - Downloading http://repo.maven.apache.org/maven2/org/slf4j/jcl-over-slf4j/1.6.6/jcl-over-slf4j-1.6.6.pom
2014-06-02 14:42:13,111 [New I/O client worker #28-1] INFO  o.e.m.c.i.e.AbstractTransferListenerAdapter - Downloaded http://repo.maven.apache.org/maven2/org/slf4j/jcl-over-slf4j/1.6.6/jcl-over-slf4j-1.6.6.pom
2014-06-02 14:42:13,136 [New I/O client worker #27-1] INFO  o.e.m.c.i.e.AbstractTransferListenerAdapter - Downloading http://repo.maven.apache.org/maven2/org/slf4j/jcl-over-slf4j/1.6.6/jcl-over-slf4j-1.6.6.pom
2014-06-02 14:42:13,137 [New I/O client worker #27-1] INFO  o.e.m.c.i.e.AbstractTransferListenerAdapter - Downloaded http://repo.maven.apache.org/maven2/org/slf4j/jcl-over-slf4j/1.6.6/jcl-over-slf4j-1.6.6.pom
2014-06-02 14:42:13,279 [Worker-2] INFO  c.n.h.c.p.n.NettyAsyncHttpProvider - Number of application's worked threads is 8
2014-06-02 14:42:13,312 [Worker-11] INFO  c.n.h.c.p.n.NettyAsyncHttpProvider - Number of application's worked threads is 8
2014-06-02 14:42:13,584 [New I/O client worker #29-1] INFO  o.e.m.c.i.e.AbstractTransferListenerAdapter - Downloading http://repo.maven.apache.org/maven2/org/slf4j/slf4j-log4j12/1.6.6/slf4j-log4j12-1.6.6.pom
2014-06-02 14:42:13,588 [New I/O client worker #29-1] INFO  o.e.m.c.i.e.AbstractTransferListenerAdapter - Downloaded http://repo.maven.apache.org/maven2/org/slf4j/slf4j-log4j12/1.6.6/slf4j-log4j12-1.6.6.pom
2014-06-02 14:42:13,624 [New I/O client worker #30-1] INFO  o.e.m.c.i.e.AbstractTransferListenerAdapter - Downloading http://repo.maven.apache.org/maven2/org/slf4j/slf4j-log4j12/1.6.6/slf4j-log4j12-1.6.6.pom
2014-06-02 14:42:13,624 [New I/O client worker #30-1] INFO  o.e.m.c.i.e.AbstractTransferListenerAdapter - Downloaded http://repo.maven.apache.org/maven2/org/slf4j/slf4j-log4j12/1.6.6/slf4j-log4j12-1.6.6.pom
2014-06-02 14:42:13,747 [Worker-2] INFO  c.n.h.c.p.n.NettyAsyncHttpProvider - Number of application's worked threads is 8
2014-06-02 14:42:13,779 [Worker-11] INFO  c.n.h.c.p.n.NettyAsyncHttpProvider - Number of application's worked threads is 8
2014-06-02 14:42:14,047 [New I/O client worker #31-1] INFO  o.e.m.c.i.e.AbstractTransferListenerAdapter - Downloading http://repo.maven.apache.org/maven2/log4j/log4j/1.2.17/log4j-1.2.17.pom
2014-06-02 14:42:14,102 [New I/O client worker #32-1] INFO  o.e.m.c.i.e.AbstractTransferListenerAdapter - Downloading http://repo.maven.apache.org/maven2/log4j/log4j/1.2.17/log4j-1.2.17.pom
2014-06-02 14:42:14,200 [New I/O client worker #31-1] INFO  o.e.m.c.i.e.AbstractTransferListenerAdapter - Downloaded http://repo.maven.apache.org/maven2/log4j/log4j/1.2.17/log4j-1.2.17.pom
2014-06-02 14:42:14,258 [New I/O client worker #32-1] INFO  o.e.m.c.i.e.AbstractTransferListenerAdapter - Downloaded http://repo.maven.apache.org/maven2/log4j/log4j/1.2.17/log4j-1.2.17.pom
2014-06-02 14:42:14,393 [Worker-2] INFO  c.n.h.c.p.n.NettyAsyncHttpProvider - Number of application's worked threads is 8
2014-06-02 14:42:14,454 [Worker-11] INFO  c.n.h.c.p.n.NettyAsyncHttpProvider - Number of application's worked threads is 8
2014-06-02 14:42:14,721 [New I/O client worker #33-1] INFO  o.e.m.c.i.e.AbstractTransferListenerAdapter - Downloading http://repo.maven.apache.org/maven2/junit/junit/4.7/junit-4.7.pom
2014-06-02 14:42:14,722 [New I/O client worker #33-1] INFO  o.e.m.c.i.e.AbstractTransferListenerAdapter - Downloaded http://repo.maven.apache.org/maven2/junit/junit/4.7/junit-4.7.pom
2014-06-02 14:42:14,761 [New I/O client worker #34-1] INFO  o.e.m.c.i.e.AbstractTransferListenerAdapter - Downloading http://repo.maven.apache.org/maven2/junit/junit/4.7/junit-4.7.pom
2014-06-02 14:42:14,762 [New I/O client worker #34-1] INFO  o.e.m.c.i.e.AbstractTransferListenerAdapter - Downloaded http://repo.maven.apache.org/maven2/junit/junit/4.7/junit-4.7.pom
2014-06-02 14:42:14,893 [Worker-2] INFO  c.n.h.c.p.n.NettyAsyncHttpProvider - Number of application's worked threads is 8
2014-06-02 14:42:14,949 [Worker-11] INFO  c.n.h.c.p.n.NettyAsyncHttpProvider - Number of application's worked threads is 8
2014-06-02 14:42:15,207 [New I/O client worker #35-4] INFO  o.e.m.c.i.e.AbstractTransferListenerAdapter - Downloading http://repo.maven.apache.org/maven2/org/springframework/spring-core/3.1.1.RELEASE/spring-core-3.1.1.RELEASE.jar
2014-06-02 14:42:15,214 [New I/O client worker #35-7] INFO  o.e.m.c.i.e.AbstractTransferListenerAdapter - Downloading http://repo.maven.apache.org/maven2/org/springframework/spring-webmvc/3.1.1.RELEASE/spring-webmvc-3.1.1.RELEASE.jar
2014-06-02 14:42:15,216 [New I/O client worker #35-1] INFO  o.e.m.c.i.e.AbstractTransferListenerAdapter - Downloading http://repo.maven.apache.org/maven2/org/springframework/spring-context/3.1.1.RELEASE/spring-context-3.1.1.RELEASE.jar
2014-06-02 14:42:15,216 [New I/O client worker #35-3] INFO  o.e.m.c.i.e.AbstractTransferListenerAdapter - Downloading http://repo.maven.apache.org/maven2/org/springframework/spring-beans/3.1.1.RELEASE/spring-beans-3.1.1.RELEASE.jar
2014-06-02 14:42:15,230 [New I/O client worker #35-2] INFO  o.e.m.c.i.e.AbstractTransferListenerAdapter - Downloading http://repo.maven.apache.org/maven2/org/springframework/spring-aop/3.1.1.RELEASE/spring-aop-3.1.1.RELEASE.jar
2014-06-02 14:42:15,322 [New I/O client worker #35-8] INFO  o.e.m.c.i.e.AbstractTransferListenerAdapter - Downloading http://repo.maven.apache.org/maven2/org/springframework/spring-context-support/3.1.1.RELEASE/spring-context-support-3.1.1.RELEASE.jar
2014-06-02 14:42:15,322 [New I/O client worker #35-5] INFO  o.e.m.c.i.e.AbstractTransferListenerAdapter - Downloading http://repo.maven.apache.org/maven2/org/springframework/spring-expression/3.1.1.RELEASE/spring-expression-3.1.1.RELEASE.jar
2014-06-02 14:42:15,334 [New I/O client worker #35-6] INFO  o.e.m.c.i.e.AbstractTransferListenerAdapter - Downloading http://repo.maven.apache.org/maven2/org/springframework/spring-asm/3.1.1.RELEASE/spring-asm-3.1.1.RELEASE.jar
2014-06-02 14:42:15,344 [New I/O client worker #35-1] INFO  o.e.m.c.i.e.AbstractTransferListenerAdapter - Downloading http://repo.maven.apache.org/maven2/org/springframework/spring-web/3.1.1.RELEASE/spring-web-3.1.1.RELEASE.jar
2014-06-02 14:42:15,344 [New I/O client worker #35-6] INFO  o.e.m.c.i.e.AbstractTransferListenerAdapter - Downloading http://repo.maven.apache.org/maven2/junit/junit/4.7/junit-4.7.jar
2014-06-02 14:42:15,347 [New I/O client worker #35-4] INFO  o.e.m.c.i.e.AbstractTransferListenerAdapter - Downloading http://repo.maven.apache.org/maven2/org/slf4j/jcl-over-slf4j/1.6.6/jcl-over-slf4j-1.6.6.jar
2014-06-02 14:42:15,358 [New I/O client worker #36-7] INFO  o.e.m.c.i.e.AbstractTransferListenerAdapter - Downloading http://repo.maven.apache.org/maven2/org/springframework/spring-webmvc/3.1.1.RELEASE/spring-webmvc-3.1.1.RELEASE.jar
2014-06-02 14:42:15,373 [New I/O client worker #36-5] INFO  o.e.m.c.i.e.AbstractTransferListenerAdapter - Downloading http://repo.maven.apache.org/maven2/org/springframework/spring-expression/3.1.1.RELEASE/spring-expression-3.1.1.RELEASE.jar
2014-06-02 14:42:15,399 [New I/O client worker #36-1] INFO  o.e.m.c.i.e.AbstractTransferListenerAdapter - Downloading http://repo.maven.apache.org/maven2/org/springframework/spring-context/3.1.1.RELEASE/spring-context-3.1.1.RELEASE.jar
2014-06-02 14:42:15,400 [New I/O client worker #36-3] INFO  o.e.m.c.i.e.AbstractTransferListenerAdapter - Downloading http://repo.maven.apache.org/maven2/org/springframework/spring-beans/3.1.1.RELEASE/spring-beans-3.1.1.RELEASE.jar
2014-06-02 14:42:15,399 [New I/O client worker #36-4] INFO  o.e.m.c.i.e.AbstractTransferListenerAdapter - Downloading http://repo.maven.apache.org/maven2/org/springframework/spring-core/3.1.1.RELEASE/spring-core-3.1.1.RELEASE.jar
2014-06-02 14:42:15,401 [New I/O client worker #36-8] INFO  o.e.m.c.i.e.AbstractTransferListenerAdapter - Downloading http://repo.maven.apache.org/maven2/org/springframework/spring-context-support/3.1.1.RELEASE/spring-context-support-3.1.1.RELEASE.jar
2014-06-02 14:42:15,411 [New I/O client worker #36-2] INFO  o.e.m.c.i.e.AbstractTransferListenerAdapter - Downloading http://repo.maven.apache.org/maven2/org/aspectj/aspectjrt/1.6.10/aspectjrt-1.6.10.jar
2014-06-02 14:42:15,412 [New I/O client worker #36-6] INFO  o.e.m.c.i.e.AbstractTransferListenerAdapter - Downloading http://repo.maven.apache.org/maven2/junit/junit/4.7/junit-4.7.jar
2014-06-02 14:42:15,432 [New I/O client worker #36-5] INFO  o.e.m.c.i.e.AbstractTransferListenerAdapter - Downloading http://repo.maven.apache.org/maven2/org/slf4j/slf4j-log4j12/1.6.6/slf4j-log4j12-1.6.6.jar
2014-06-02 14:42:15,455 [New I/O client worker #36-4] INFO  o.e.m.c.i.e.AbstractTransferListenerAdapter - Downloading http://repo.maven.apache.org/maven2/org/slf4j/jcl-over-slf4j/1.6.6/jcl-over-slf4j-1.6.6.jar
2014-06-02 14:42:15,456 [New I/O client worker #36-5] INFO  o.e.m.c.i.e.AbstractTransferListenerAdapter - Downloaded http://repo.maven.apache.org/maven2/org/slf4j/slf4j-log4j12/1.6.6/slf4j-log4j12-1.6.6.jar
2014-06-02 14:42:15,462 [New I/O client worker #36-1] INFO  o.e.m.c.i.e.AbstractTransferListenerAdapter - Downloading http://repo.maven.apache.org/maven2/org/springframework/spring-web/3.1.1.RELEASE/spring-web-3.1.1.RELEASE.jar
2014-06-02 14:42:15,518 [New I/O client worker #35-2] INFO  o.e.m.c.i.e.AbstractTransferListenerAdapter - Downloading http://repo.maven.apache.org/maven2/org/aspectj/aspectjrt/1.6.10/aspectjrt-1.6.10.jar
2014-06-02 14:42:15,521 [New I/O client worker #35-3] INFO  o.e.m.c.i.e.AbstractTransferListenerAdapter - Downloading http://repo.maven.apache.org/maven2/org/slf4j/slf4j-api/1.6.6/slf4j-api-1.6.6.jar
2014-06-02 14:42:15,645 [New I/O client worker #35-4] INFO  o.e.m.c.i.e.AbstractTransferListenerAdapter - Downloaded http://repo.maven.apache.org/maven2/org/slf4j/jcl-over-slf4j/1.6.6/jcl-over-slf4j-1.6.6.jar
2014-06-02 14:42:15,676 [New I/O client worker #36-6] INFO  o.e.m.c.i.e.AbstractTransferListenerAdapter - Downloading http://repo.maven.apache.org/maven2/org/springframework/spring-asm/3.1.1.RELEASE/spring-asm-3.1.1.RELEASE.jar
2014-06-02 14:42:15,676 [New I/O client worker #35-5] INFO  o.e.m.c.i.e.AbstractTransferListenerAdapter - Downloading http://repo.maven.apache.org/maven2/org/slf4j/slf4j-log4j12/1.6.6/slf4j-log4j12-1.6.6.jar
2014-06-02 14:42:15,677 [New I/O client worker #35-5] INFO  o.e.m.c.i.e.AbstractTransferListenerAdapter - Downloaded http://repo.maven.apache.org/maven2/org/slf4j/slf4j-log4j12/1.6.6/slf4j-log4j12-1.6.6.jar
2014-06-02 14:42:15,735 [New I/O client worker #36-2] INFO  o.e.m.c.i.e.AbstractTransferListenerAdapter - Downloading http://repo.maven.apache.org/maven2/org/springframework/spring-aop/3.1.1.RELEASE/spring-aop-3.1.1.RELEASE.jar
2014-06-02 14:42:15,789 [New I/O client worker #36-4] INFO  o.e.m.c.i.e.AbstractTransferListenerAdapter - Downloaded http://repo.maven.apache.org/maven2/org/slf4j/jcl-over-slf4j/1.6.6/jcl-over-slf4j-1.6.6.jar
2014-06-02 14:42:15,986 [New I/O client worker #35-6] INFO  o.e.m.c.i.e.AbstractTransferListenerAdapter - Downloaded http://repo.maven.apache.org/maven2/org/springframework/spring-asm/3.1.1.RELEASE/spring-asm-3.1.1.RELEASE.jar
2014-06-02 14:42:16,813 [New I/O client worker #35-8] INFO  o.e.m.c.i.e.AbstractTransferListenerAdapter - Downloaded http://repo.maven.apache.org/maven2/org/springframework/spring-context-support/3.1.1.RELEASE/spring-context-support-3.1.1.RELEASE.jar
2014-06-02 14:42:16,965 [New I/O client worker #35-3] INFO  o.e.m.c.i.e.AbstractTransferListenerAdapter - Downloaded http://repo.maven.apache.org/maven2/org/slf4j/slf4j-api/1.6.6/slf4j-api-1.6.6.jar
2014-06-02 14:42:17,621 [New I/O client worker #36-8] INFO  o.e.m.c.i.e.AbstractTransferListenerAdapter - Downloaded http://repo.maven.apache.org/maven2/org/springframework/spring-context-support/3.1.1.RELEASE/spring-context-support-3.1.1.RELEASE.jar
2014-06-02 14:42:17,950 [New I/O client worker #36-6] INFO  o.e.m.c.i.e.AbstractTransferListenerAdapter - Downloaded http://repo.maven.apache.org/maven2/org/springframework/spring-asm/3.1.1.RELEASE/spring-asm-3.1.1.RELEASE.jar
2014-06-02 14:42:19,323 [New I/O client worker #35-2] INFO  o.e.m.c.i.e.AbstractTransferListenerAdapter - Downloaded http://repo.maven.apache.org/maven2/org/aspectj/aspectjrt/1.6.10/aspectjrt-1.6.10.jar
2014-06-02 14:42:19,984 [New I/O client worker #36-3] INFO  o.e.m.c.i.e.AbstractTransferListenerAdapter - Downloading http://repo.maven.apache.org/maven2/org/slf4j/slf4j-api/1.6.6/slf4j-api-1.6.6.jar
2014-06-02 14:42:20,456 [New I/O client worker #36-2] INFO  o.e.m.c.i.e.AbstractTransferListenerAdapter - Downloaded http://repo.maven.apache.org/maven2/org/aspectj/aspectjrt/1.6.10/aspectjrt-1.6.10.jar
2014-06-02 14:42:22,482 [New I/O client worker #36-5] INFO  o.e.m.c.i.e.AbstractTransferListenerAdapter - Downloaded http://repo.maven.apache.org/maven2/org/springframework/spring-expression/3.1.1.RELEASE/spring-expression-3.1.1.RELEASE.jar
2014-06-02 14:42:22,572 [New I/O client worker #36-3] INFO  o.e.m.c.i.e.AbstractTransferListenerAdapter - Downloaded http://repo.maven.apache.org/maven2/org/slf4j/slf4j-api/1.6.6/slf4j-api-1.6.6.jar
2014-06-02 14:42:23,943 [New I/O client worker #36-2] INFO  o.e.m.c.i.e.AbstractTransferListenerAdapter - Downloaded http://repo.maven.apache.org/maven2/org/springframework/spring-aop/3.1.1.RELEASE/spring-aop-3.1.1.RELEASE.jar
2014-06-02 14:42:27,005 [New I/O client worker #36-6] INFO  o.e.m.c.i.e.AbstractTransferListenerAdapter - Downloaded http://repo.maven.apache.org/maven2/junit/junit/4.7/junit-4.7.jar
2014-06-02 14:42:28,357 [New I/O client worker #35-2] INFO  o.e.m.c.i.e.AbstractTransferListenerAdapter - Downloaded http://repo.maven.apache.org/maven2/org/springframework/spring-aop/3.1.1.RELEASE/spring-aop-3.1.1.RELEASE.jar
2014-06-02 14:42:33,063 [New I/O client worker #35-4] INFO  o.e.m.c.i.e.AbstractTransferListenerAdapter - Downloaded http://repo.maven.apache.org/maven2/org/springframework/spring-core/3.1.1.RELEASE/spring-core-3.1.1.RELEASE.jar
2014-06-02 14:42:33,157 [New I/O client worker #35-1] INFO  o.e.m.c.i.e.AbstractTransferListenerAdapter - Downloaded http://repo.maven.apache.org/maven2/org/springframework/spring-web/3.1.1.RELEASE/spring-web-3.1.1.RELEASE.jar
2014-06-02 14:42:34,077 [New I/O client worker #35-5] INFO  o.e.m.c.i.e.AbstractTransferListenerAdapter - Downloaded http://repo.maven.apache.org/maven2/org/springframework/spring-expression/3.1.1.RELEASE/spring-expression-3.1.1.RELEASE.jar
2014-06-02 14:42:34,255 [New I/O client worker #36-7] INFO  o.e.m.c.i.e.AbstractTransferListenerAdapter - Downloaded http://repo.maven.apache.org/maven2/org/springframework/spring-webmvc/3.1.1.RELEASE/spring-webmvc-3.1.1.RELEASE.jar
2014-06-02 14:42:34,515 [New I/O client worker #35-7] INFO  o.e.m.c.i.e.AbstractTransferListenerAdapter - Downloaded http://repo.maven.apache.org/maven2/org/springframework/spring-webmvc/3.1.1.RELEASE/spring-webmvc-3.1.1.RELEASE.jar
2014-06-02 14:42:34,668 [New I/O client worker #35-6] INFO  o.e.m.c.i.e.AbstractTransferListenerAdapter - Downloaded http://repo.maven.apache.org/maven2/junit/junit/4.7/junit-4.7.jar
2014-06-02 14:42:34,761 [New I/O client worker #36-4] INFO  o.e.m.c.i.e.AbstractTransferListenerAdapter - Downloaded http://repo.maven.apache.org/maven2/org/springframework/spring-core/3.1.1.RELEASE/spring-core-3.1.1.RELEASE.jar
2014-06-02 14:42:35,338 [New I/O client worker #35-3] INFO  o.e.m.c.i.e.AbstractTransferListenerAdapter - Downloaded http://repo.maven.apache.org/maven2/org/springframework/spring-beans/3.1.1.RELEASE/spring-beans-3.1.1.RELEASE.jar
2014-06-02 14:42:35,370 [New I/O client worker #36-3] INFO  o.e.m.c.i.e.AbstractTransferListenerAdapter - Downloaded http://repo.maven.apache.org/maven2/org/springframework/spring-beans/3.1.1.RELEASE/spring-beans-3.1.1.RELEASE.jar
2014-06-02 14:42:35,393 [New I/O client worker #36-1] INFO  o.e.m.c.i.e.AbstractTransferListenerAdapter - Downloaded http://repo.maven.apache.org/maven2/org/springframework/spring-web/3.1.1.RELEASE/spring-web-3.1.1.RELEASE.jar
2014-06-02 14:42:35,886 [New I/O client worker #35-1] INFO  o.e.m.c.i.e.AbstractTransferListenerAdapter - Downloaded http://repo.maven.apache.org/maven2/org/springframework/spring-context/3.1.1.RELEASE/spring-context-3.1.1.RELEASE.jar
2014-06-02 14:42:36,034 [New I/O client worker #36-1] INFO  o.e.m.c.i.e.AbstractTransferListenerAdapter - Downloaded http://repo.maven.apache.org/maven2/org/springframework/spring-context/3.1.1.RELEASE/spring-context-3.1.1.RELEASE.jar
2014-06-02 14:42:36,360 [Worker-11] WARN  o.e.m.c.i.embedder.EclipseLogger - Failed to dispatch repository event to org.eclipse.m2e.core.internal.embedder.EclipseRepositoryListener: null
2014-06-02 14:42:36,936 [Worker-2] INFO  c.n.h.c.p.n.NettyAsyncHttpProvider - Number of application's worked threads is 8
2014-06-02 14:42:37,747 [New I/O client worker #37-1] INFO  o.e.m.c.i.e.AbstractTransferListenerAdapter - Downloading http://repo.maven.apache.org/maven2/org/apache/maven/plugins/maven-eclipse-plugin/2.9/maven-eclipse-plugin-2.9.pom
2014-06-02 14:42:37,905 [New I/O client worker #37-1] INFO  o.e.m.c.i.e.AbstractTransferListenerAdapter - Downloaded http://repo.maven.apache.org/maven2/org/apache/maven/plugins/maven-eclipse-plugin/2.9/maven-eclipse-plugin-2.9.pom
2014-06-02 14:42:38,088 [Worker-2] INFO  c.n.h.c.p.n.NettyAsyncHttpProvider - Number of application's worked threads is 8
2014-06-02 14:42:38,404 [New I/O client worker #38-1] INFO  o.e.m.c.i.e.AbstractTransferListenerAdapter - Downloading http://repo.maven.apache.org/maven2/org/apache/maven/plugins/maven-eclipse-plugin/2.9/maven-eclipse-plugin-2.9.jar
2014-06-02 14:42:40,191 [New I/O client worker #38-1] INFO  o.e.m.c.i.e.AbstractTransferListenerAdapter - Downloaded http://repo.maven.apache.org/maven2/org/apache/maven/plugins/maven-eclipse-plugin/2.9/maven-eclipse-plugin-2.9.jar
2014-06-02 14:42:40,417 [Worker-2] INFO  c.n.h.c.p.n.NettyAsyncHttpProvider - Number of application's worked threads is 8
2014-06-02 14:42:40,743 [New I/O client worker #39-1] INFO  o.e.m.c.i.e.AbstractTransferListenerAdapter - Downloading http://repo.maven.apache.org/maven2/org/codehaus/mojo/exec-maven-plugin/1.2.1/exec-maven-plugin-1.2.1.pom
2014-06-02 14:42:40,748 [New I/O client worker #39-1] INFO  o.e.m.c.i.e.AbstractTransferListenerAdapter - Downloaded http://repo.maven.apache.org/maven2/org/codehaus/mojo/exec-maven-plugin/1.2.1/exec-maven-plugin-1.2.1.pom
2014-06-02 14:42:40,936 [Worker-2] INFO  c.n.h.c.p.n.NettyAsyncHttpProvider - Number of application's worked threads is 8
2014-06-02 14:42:41,237 [New I/O client worker #40-1] INFO  o.e.m.c.i.e.AbstractTransferListenerAdapter - Downloading http://repo.maven.apache.org/maven2/org/codehaus/mojo/exec-maven-plugin/1.2.1/exec-maven-plugin-1.2.1.jar
2014-06-02 14:42:41,536 [New I/O client worker #40-1] INFO  o.e.m.c.i.e.AbstractTransferListenerAdapter - Downloaded http://repo.maven.apache.org/maven2/org/codehaus/mojo/exec-maven-plugin/1.2.1/exec-maven-plugin-1.2.1.jar
2014-06-02 14:42:42,076 [Worker-2] WARN  o.e.m.c.i.embedder.EclipseLogger - Using platform encoding (EUC_KR actually) to copy filtered resources, i.e. build is platform dependent!
2014-06-02 14:42:42,083 [Worker-2] INFO  o.e.m.c.i.embedder.EclipseLogger - Copying 1 resource
2014-06-02 14:42:42,096 [Worker-2] WARN  o.e.m.c.i.embedder.EclipseLogger - Using platform encoding (EUC_KR actually) to copy filtered resources, i.e. build is platform dependent!
2014-06-02 14:42:42,097 [Worker-2] INFO  o.e.m.c.i.embedder.EclipseLogger - Copying 1 resource
2014-06-02 14:42:43,682 [Worker-0] INFO  o.e.m.c.i.l.LifecycleMappingFactory - Using org.maven.ide.eclipse.wtp.WarLifecycleMapping lifecycle mapping for MavenProject: kr.co:jhkiri:1.0.0-BUILD-SNAPSHOT @ /Volumes/500G/GitHome/Joao-Project/core-stat/test/pom.xml.
2014-06-02 14:42:44,610 [Worker-3] WARN  o.e.m.c.i.embedder.EclipseLogger - Using platform encoding (EUC_KR actually) to copy filtered resources, i.e. build is platform dependent!
2014-06-02 14:42:44,618 [Worker-3] INFO  o.e.m.c.i.embedder.EclipseLogger - Copying 1 resource
2014-06-02 14:42:44,621 [Worker-3] WARN  o.e.m.c.i.embedder.EclipseLogger - Using platform encoding (EUC_KR actually) to copy filtered resources, i.e. build is platform dependent!
2014-06-02 14:42:44,623 [Worker-3] INFO  o.e.m.c.i.embedder.EclipseLogger - Copying 1 resource
2014-06-02 14:42:45,691 [Worker-1] WARN  o.e.m.c.i.embedder.EclipseLogger - Using platform encoding (EUC_KR actually) to copy filtered resources, i.e. build is platform dependent!
2014-06-02 14:42:45,692 [Worker-1] INFO  o.e.m.c.i.embedder.EclipseLogger - Copying 0 resource
2014-06-02 14:42:45,695 [Worker-1] WARN  o.e.m.c.i.embedder.EclipseLogger - Using platform encoding (EUC_KR actually) to copy filtered resources, i.e. build is platform dependent!
2014-06-02 14:42:45,698 [Worker-1] INFO  o.e.m.c.i.embedder.EclipseLogger - Copying 0 resource
